<?xml version="1.0" encoding="UTF-8"?>
<!-- Generated by org.testng.reporters.JUnitXMLReporter -->
<testsuite ignored="0" hostname="Lenovo" failures="0" tests="1" name="BankingApp Test" time="0.352" errors="0" timestamp="2023-05-07T18:44:45 IST">
  <testcase classname="com.insurance.TestCases.BassClass" name="@BeforeClass setUP" time="-1.68346528524E9">
    <failure type="org.testng.TestNGException" message="
Parameter &amp;apos;browsers&amp;apos; is required by BeforeClass on method setUP but has not been marked @Optional or defined
in D:\Education Content-1\Selenium\Insurance_brokerV1\TestNG.xml">
      <![CDATA[org.testng.TestNGException: 
Parameter 'browsers' is required by BeforeClass on method setUP but has not been marked @Optional or defined
in D:\Education Content-1\Selenium\Insurance_brokerV1\TestNG.xml
at java.base/java.util.ArrayList.forEach(ArrayList.java:1511)
... Removed 22 stack frames]]>
    </failure>
  </testcase> <!-- @BeforeClass setUP -->
  <testcase classname="com.insurance.TestCases.BassClass" name="@AfterClass tearDown" time="0.0">
    <skipped/>
  </testcase> <!-- @AfterClass tearDown -->
  <testcase classname="com.insurance.TestCases.TC_LoginTest_001" name="loginTest" time="0.001">
    <skipped/>
  </testcase> <!-- loginTest -->
</testsuite> <!-- BankingApp Test -->
